2020-10-05 19:21:53,921:INFO:PyCaret Regression Module
2020-10-05 19:21:53,921:INFO:version 2.1.2
2020-10-05 19:21:53,921:INFO:Initializing setup()
2020-10-05 19:21:53,921:INFO:USI: 2f46
2020-10-05 19:21:53,921:INFO:setup(data=(18576, 10), target=median_house_value, train_size=0.7, sampling=True, sample_estimator=None, categorical_features=None, categorical_imputation=constant, ordinal_features=None,
                    high_cardinality_features=None, high_cardinality_method=frequency, numeric_features=None, numeric_imputation=mean, date_features=None, ignore_features=None, normalize=False,
                    normalize_method=zscore, transformation=False, transformation_method=yeo-johnson, handle_unknown_categorical=True, unknown_categorical_method=least_frequent, pca=False, pca_method=linear,
                    pca_components=None, ignore_low_variance=False, combine_rare_levels=False, rare_level_threshold=0.1, bin_numeric_features=None, remove_outliers=False, outliers_threshold=0.05,
                    remove_multicollinearity=False, multicollinearity_threshold=0.9, remove_perfect_collinearity=False, create_clusters=False, cluster_iter=20,
                    polynomial_features=False, polynomial_degree=2, trigonometry_features=False, polynomial_threshold=0.1, group_features=None,
                    group_names=None, feature_selection=False, feature_selection_threshold=0.8, feature_interaction=False, feature_ratio=False, interaction_threshold=0.01, transform_target=False,
                    transform_target_method=box-cox, data_split_shuffle=True, folds_shuffle=False, n_jobs=-1, html=True, session_id=123, log_experiment=False,
                    experiment_name=None, log_plots=False, log_profile=False, log_data=False, silent=False, verbose=True, profile=False)
2020-10-05 19:21:53,921:INFO:Checking environment
2020-10-05 19:21:53,922:INFO:python_version: 3.8.5
2020-10-05 19:21:53,922:INFO:python_build: ('default', 'Sep  4 2020 02:22:02')
2020-10-05 19:21:53,922:INFO:machine: x86_64
2020-10-05 19:21:53,944:INFO:platform: macOS-10.15.6-x86_64-i386-64bit
2020-10-05 19:21:53,951:WARNING:cannot find psutil installation. memory not traceable. Install psutil using pip to enable memory logging. 
2020-10-05 19:21:53,951:INFO:Checking libraries
2020-10-05 19:21:53,951:INFO:pd==1.1.1
2020-10-05 19:21:53,951:INFO:numpy==1.19.1
2020-10-05 19:21:54,052:INFO:sklearn==0.23.2
2020-10-05 19:21:54,723:INFO:xgboost==1.2.0
2020-10-05 19:21:54,757:INFO:lightgbm==3.0.0
2020-10-05 19:21:54,801:INFO:catboost==0.24
2020-10-05 19:21:55,432:INFO:mlflow==1.2.0
2020-10-05 19:21:55,435:INFO:Checking Exceptions
2020-10-05 19:21:55,437:INFO:Preloading libraries
2020-10-05 19:21:55,437:INFO:Preparing display monitor
2020-10-05 19:21:55,450:INFO:Importing libraries
2020-10-05 19:21:56,487:INFO:Declaring global variables
2020-10-05 19:21:56,487:INFO:Copying data for preprocessing
2020-10-05 19:21:56,493:INFO:Declaring preprocessing parameters
2020-10-05 19:21:56,493:INFO:Importing preprocessing module
2020-10-05 19:21:57,652:INFO:Creating preprocessing pipeline
2020-10-05 19:22:08,347:INFO:Preprocessing pipeline created successfully
2020-10-05 19:22:08,347:INFO:No inverse transformer found
2020-10-05 19:22:08,347:INFO:Creating grid variables
2020-10-05 19:22:08,350:INFO:Creating global containers
2020-10-05 19:22:08,383:INFO:create_model_container: 0
2020-10-05 19:22:08,383:INFO:master_model_container: 0
2020-10-05 19:22:08,384:INFO:display_container: 0
2020-10-05 19:22:08,384:INFO:setup() succesfully completed......................................
2020-10-05 19:22:21,757:INFO:Initializing compare_models()
2020-10-05 19:22:21,757:INFO:compare_models(exclude=None, include=None, fold=10, round=4, sort=R2, n_select=1, turbo=True, verbose=True)
2020-10-05 19:22:21,757:INFO:Checking exceptions
2020-10-05 19:22:21,757:INFO:Preloading libraries
2020-10-05 19:22:21,757:INFO:Preparing display monitor
2020-10-05 19:22:21,777:INFO:Copying training dataset
2020-10-05 19:22:21,779:INFO:Importing libraries
2020-10-05 19:22:21,791:INFO:Importing untrained models
2020-10-05 19:22:21,792:INFO:Import successful
2020-10-05 19:22:21,798:INFO:Defining folds
2020-10-05 19:22:21,798:INFO:Declaring metric variables
2020-10-05 19:22:21,798:INFO:Initializing Linear Regression
2020-10-05 19:22:21,805:INFO:Initializing Fold 1
2020-10-05 19:22:21,808:INFO:Total runtime is 0.00016991297403971353 minutes
2020-10-05 19:22:21,826:INFO:Fitting Model
2020-10-05 19:22:21,842:INFO:Evaluating Metrics
2020-10-05 19:22:21,845:INFO:No inverse transformer found
2020-10-05 19:22:21,845:INFO:Compiling Metrics
2020-10-05 19:22:21,856:INFO:Initializing Fold 2
2020-10-05 19:22:21,857:INFO:Total runtime is 0.0009904980659484863 minutes
2020-10-05 19:22:21,869:INFO:Fitting Model
2020-10-05 19:22:21,877:INFO:Evaluating Metrics
2020-10-05 19:22:21,880:INFO:No inverse transformer found
2020-10-05 19:22:21,881:INFO:Compiling Metrics
2020-10-05 19:22:21,893:INFO:Initializing Fold 3
2020-10-05 19:22:21,894:INFO:Total runtime is 0.0016026496887207031 minutes
2020-10-05 19:22:21,905:INFO:Fitting Model
2020-10-05 19:22:21,916:INFO:Evaluating Metrics
2020-10-05 19:22:21,919:INFO:No inverse transformer found
2020-10-05 19:22:21,920:INFO:Compiling Metrics
2020-10-05 19:22:21,932:INFO:Initializing Fold 4
2020-10-05 19:22:21,933:INFO:Total runtime is 0.0022541284561157227 minutes
2020-10-05 19:22:21,942:INFO:Fitting Model
2020-10-05 19:22:21,947:INFO:Evaluating Metrics
2020-10-05 19:22:21,949:INFO:No inverse transformer found
2020-10-05 19:22:21,949:INFO:Compiling Metrics
2020-10-05 19:22:21,956:INFO:Initializing Fold 5
2020-10-05 19:22:21,958:INFO:Total runtime is 0.002659595012664795 minutes
2020-10-05 19:22:21,965:INFO:Fitting Model
2020-10-05 19:22:21,969:INFO:Evaluating Metrics
2020-10-05 19:22:21,971:INFO:No inverse transformer found
2020-10-05 19:22:21,971:INFO:Compiling Metrics
2020-10-05 19:22:21,980:INFO:Initializing Fold 6
2020-10-05 19:22:21,981:INFO:Total runtime is 0.0030499935150146485 minutes
2020-10-05 19:22:21,989:INFO:Fitting Model
2020-10-05 19:22:21,993:INFO:Evaluating Metrics
2020-10-05 19:22:21,994:INFO:No inverse transformer found
2020-10-05 19:22:21,995:INFO:Compiling Metrics
2020-10-05 19:22:22,001:INFO:Initializing Fold 7
2020-10-05 19:22:22,002:INFO:Total runtime is 0.0034081300099690756 minutes
2020-10-05 19:22:22,010:INFO:Fitting Model
2020-10-05 19:22:22,014:INFO:Evaluating Metrics
2020-10-05 19:22:22,016:INFO:No inverse transformer found
2020-10-05 19:22:22,016:INFO:Compiling Metrics
2020-10-05 19:22:22,023:INFO:Initializing Fold 8
2020-10-05 19:22:22,024:INFO:Total runtime is 0.003766445318857829 minutes
2020-10-05 19:22:22,032:INFO:Fitting Model
2020-10-05 19:22:22,041:INFO:Evaluating Metrics
2020-10-05 19:22:22,043:INFO:No inverse transformer found
2020-10-05 19:22:22,044:INFO:Compiling Metrics
2020-10-05 19:22:22,054:INFO:Initializing Fold 9
2020-10-05 19:22:22,055:INFO:Total runtime is 0.004278731346130371 minutes
2020-10-05 19:22:22,063:INFO:Fitting Model
2020-10-05 19:22:22,067:INFO:Evaluating Metrics
2020-10-05 19:22:22,069:INFO:No inverse transformer found
2020-10-05 19:22:22,069:INFO:Compiling Metrics
2020-10-05 19:22:22,077:INFO:Initializing Fold 10
2020-10-05 19:22:22,078:INFO:Total runtime is 0.004670882225036621 minutes
2020-10-05 19:22:22,085:INFO:Fitting Model
2020-10-05 19:22:22,088:INFO:Evaluating Metrics
2020-10-05 19:22:22,091:INFO:No inverse transformer found
2020-10-05 19:22:22,091:INFO:Compiling Metrics
2020-10-05 19:22:22,097:INFO:Calculating mean and std
2020-10-05 19:22:22,098:INFO:Creating metrics dataframe
2020-10-05 19:22:22,108:INFO:Initializing Lasso Regression
2020-10-05 19:22:22,115:INFO:Initializing Fold 1
2020-10-05 19:22:22,116:INFO:Total runtime is 0.00530244509379069 minutes
2020-10-05 19:22:22,122:INFO:Fitting Model
2020-10-05 19:22:22,207:INFO:Evaluating Metrics
2020-10-05 19:22:22,209:INFO:No inverse transformer found
2020-10-05 19:22:22,209:INFO:Compiling Metrics
2020-10-05 19:22:22,214:INFO:Initializing Fold 2
2020-10-05 19:22:22,214:INFO:Total runtime is 0.006943162282307943 minutes
2020-10-05 19:22:22,219:INFO:Fitting Model
2020-10-05 19:22:22,294:INFO:Evaluating Metrics
2020-10-05 19:22:22,295:INFO:No inverse transformer found
2020-10-05 19:22:22,295:INFO:Compiling Metrics
2020-10-05 19:22:22,300:INFO:Initializing Fold 3
2020-10-05 19:22:22,301:INFO:Total runtime is 0.008377397060394287 minutes
2020-10-05 19:22:22,305:INFO:Fitting Model
2020-10-05 19:22:22,384:INFO:Evaluating Metrics
2020-10-05 19:22:22,385:INFO:No inverse transformer found
2020-10-05 19:22:22,385:INFO:Compiling Metrics
2020-10-05 19:22:22,391:INFO:Initializing Fold 4
2020-10-05 19:22:22,392:INFO:Total runtime is 0.009903530279795328 minutes
2020-10-05 19:22:22,398:INFO:Fitting Model
2020-10-05 19:22:22,488:INFO:Evaluating Metrics
2020-10-05 19:22:22,489:INFO:No inverse transformer found
2020-10-05 19:22:22,489:INFO:Compiling Metrics
2020-10-05 19:22:22,494:INFO:Initializing Fold 5
2020-10-05 19:22:22,495:INFO:Total runtime is 0.011612212657928465 minutes
2020-10-05 19:22:22,500:INFO:Fitting Model
2020-10-05 19:22:22,574:INFO:Evaluating Metrics
2020-10-05 19:22:22,576:INFO:No inverse transformer found
2020-10-05 19:22:22,576:INFO:Compiling Metrics
2020-10-05 19:22:22,580:INFO:Initializing Fold 6
2020-10-05 19:22:22,581:INFO:Total runtime is 0.013051044940948485 minutes
2020-10-05 19:22:22,586:INFO:Fitting Model
2020-10-05 19:22:22,669:INFO:Evaluating Metrics
2020-10-05 19:22:22,671:INFO:No inverse transformer found
2020-10-05 19:22:22,671:INFO:Compiling Metrics
2020-10-05 19:22:22,676:INFO:Initializing Fold 7
2020-10-05 19:22:22,677:INFO:Total runtime is 0.014648226896921792 minutes
2020-10-05 19:22:22,682:INFO:Fitting Model
2020-10-05 19:22:22,764:INFO:Evaluating Metrics
2020-10-05 19:22:22,765:INFO:No inverse transformer found
2020-10-05 19:22:22,765:INFO:Compiling Metrics
2020-10-05 19:22:22,770:INFO:Initializing Fold 8
2020-10-05 19:22:22,771:INFO:Total runtime is 0.016214430332183838 minutes
2020-10-05 19:22:22,777:INFO:Fitting Model
2020-10-05 19:22:22,845:INFO:Evaluating Metrics
2020-10-05 19:22:22,847:INFO:No inverse transformer found
2020-10-05 19:22:22,847:INFO:Compiling Metrics
2020-10-05 19:22:22,851:INFO:Initializing Fold 9
2020-10-05 19:22:22,852:INFO:Total runtime is 0.017567980289459228 minutes
2020-10-05 19:22:22,858:INFO:Fitting Model
2020-10-05 19:22:22,940:INFO:Evaluating Metrics
2020-10-05 19:22:22,942:INFO:No inverse transformer found
2020-10-05 19:22:22,942:INFO:Compiling Metrics
2020-10-05 19:22:22,947:INFO:Initializing Fold 10
2020-10-05 19:22:22,948:INFO:Total runtime is 0.019161915779113768 minutes
2020-10-05 19:22:22,953:INFO:Fitting Model
2020-10-05 19:22:23,032:INFO:Evaluating Metrics
2020-10-05 19:22:23,033:INFO:No inverse transformer found
2020-10-05 19:22:23,033:INFO:Compiling Metrics
2020-10-05 19:22:23,038:INFO:Calculating mean and std
2020-10-05 19:22:23,039:INFO:Creating metrics dataframe
2020-10-05 19:22:23,050:INFO:Initializing Ridge Regression
2020-10-05 19:22:23,054:INFO:Initializing Fold 1
2020-10-05 19:22:23,055:INFO:Total runtime is 0.020950015385945635 minutes
2020-10-05 19:22:23,060:INFO:Fitting Model
2020-10-05 19:22:23,076:INFO:Evaluating Metrics
2020-10-05 19:22:23,078:INFO:No inverse transformer found
2020-10-05 19:22:23,078:INFO:Compiling Metrics
2020-10-05 19:22:23,084:INFO:Initializing Fold 2
2020-10-05 19:22:23,084:INFO:Total runtime is 0.02144266366958618 minutes
2020-10-05 19:22:23,090:INFO:Fitting Model
2020-10-05 19:22:23,093:INFO:Evaluating Metrics
2020-10-05 19:22:23,095:INFO:No inverse transformer found
2020-10-05 19:22:23,095:INFO:Compiling Metrics
2020-10-05 19:22:23,102:INFO:Initializing Fold 3
2020-10-05 19:22:23,102:INFO:Total runtime is 0.021742713451385495 minutes
2020-10-05 19:22:23,109:INFO:Fitting Model
2020-10-05 19:22:23,113:INFO:Evaluating Metrics
2020-10-05 19:22:23,114:INFO:No inverse transformer found
2020-10-05 19:22:23,114:INFO:Compiling Metrics
2020-10-05 19:22:23,121:INFO:Initializing Fold 4
2020-10-05 19:22:23,122:INFO:Total runtime is 0.022067447503407795 minutes
2020-10-05 19:22:23,129:INFO:Fitting Model
2020-10-05 19:22:23,133:INFO:Evaluating Metrics
2020-10-05 19:22:23,134:INFO:No inverse transformer found
2020-10-05 19:22:23,134:INFO:Compiling Metrics
2020-10-05 19:22:23,141:INFO:Initializing Fold 5
2020-10-05 19:22:23,142:INFO:Total runtime is 0.022394227981567382 minutes
2020-10-05 19:22:23,148:INFO:Fitting Model
2020-10-05 19:22:23,151:INFO:Evaluating Metrics
2020-10-05 19:22:23,153:INFO:No inverse transformer found
2020-10-05 19:22:23,153:INFO:Compiling Metrics
2020-10-05 19:22:23,160:INFO:Initializing Fold 6
2020-10-05 19:22:23,161:INFO:Total runtime is 0.022710033257802326 minutes
2020-10-05 19:22:23,167:INFO:Fitting Model
2020-10-05 19:22:23,170:INFO:Evaluating Metrics
2020-10-05 19:22:23,172:INFO:No inverse transformer found
2020-10-05 19:22:23,172:INFO:Compiling Metrics
2020-10-05 19:22:23,179:INFO:Initializing Fold 7
2020-10-05 19:22:23,179:INFO:Total runtime is 0.023025627930959063 minutes
2020-10-05 19:22:23,186:INFO:Fitting Model
2020-10-05 19:22:23,188:INFO:Evaluating Metrics
2020-10-05 19:22:23,190:INFO:No inverse transformer found
2020-10-05 19:22:23,190:INFO:Compiling Metrics
2020-10-05 19:22:23,196:INFO:Initializing Fold 8
2020-10-05 19:22:23,197:INFO:Total runtime is 0.023322510719299312 minutes
2020-10-05 19:22:23,204:INFO:Fitting Model
2020-10-05 19:22:23,206:INFO:Evaluating Metrics
2020-10-05 19:22:23,208:INFO:No inverse transformer found
2020-10-05 19:22:23,208:INFO:Compiling Metrics
2020-10-05 19:22:23,215:INFO:Initializing Fold 9
2020-10-05 19:22:23,217:INFO:Total runtime is 0.023643743991851804 minutes
2020-10-05 19:22:23,223:INFO:Fitting Model
2020-10-05 19:22:23,226:INFO:Evaluating Metrics
2020-10-05 19:22:23,227:INFO:No inverse transformer found
2020-10-05 19:22:23,227:INFO:Compiling Metrics
2020-10-05 19:22:23,233:INFO:Initializing Fold 10
2020-10-05 19:22:23,234:INFO:Total runtime is 0.0239378809928894 minutes
2020-10-05 19:22:23,241:INFO:Fitting Model
2020-10-05 19:22:23,244:INFO:Evaluating Metrics
2020-10-05 19:22:23,245:INFO:No inverse transformer found
2020-10-05 19:22:23,245:INFO:Compiling Metrics
2020-10-05 19:22:23,252:INFO:Calculating mean and std
2020-10-05 19:22:23,253:INFO:Creating metrics dataframe
2020-10-05 19:22:23,264:INFO:Initializing Elastic Net
2020-10-05 19:22:23,270:INFO:Initializing Fold 1
2020-10-05 19:22:23,271:INFO:Total runtime is 0.024552047252655026 minutes
2020-10-05 19:22:23,278:INFO:Fitting Model
2020-10-05 19:22:23,307:INFO:Evaluating Metrics
2020-10-05 19:22:23,308:INFO:No inverse transformer found
2020-10-05 19:22:23,309:INFO:Compiling Metrics
2020-10-05 19:22:23,314:INFO:Initializing Fold 2
2020-10-05 19:22:23,315:INFO:Total runtime is 0.02529112895329793 minutes
2020-10-05 19:22:23,321:INFO:Fitting Model
2020-10-05 19:22:23,352:INFO:Evaluating Metrics
2020-10-05 19:22:23,354:INFO:No inverse transformer found
2020-10-05 19:22:23,354:INFO:Compiling Metrics
2020-10-05 19:22:23,361:INFO:Initializing Fold 3
2020-10-05 19:22:23,362:INFO:Total runtime is 0.026065262158711747 minutes
2020-10-05 19:22:23,369:INFO:Fitting Model
2020-10-05 19:22:23,396:INFO:Evaluating Metrics
2020-10-05 19:22:23,397:INFO:No inverse transformer found
2020-10-05 19:22:23,397:INFO:Compiling Metrics
2020-10-05 19:22:23,403:INFO:Initializing Fold 4
2020-10-05 19:22:23,404:INFO:Total runtime is 0.026770114898681637 minutes
2020-10-05 19:22:23,411:INFO:Fitting Model
2020-10-05 19:22:23,440:INFO:Evaluating Metrics
2020-10-05 19:22:23,442:INFO:No inverse transformer found
2020-10-05 19:22:23,442:INFO:Compiling Metrics
2020-10-05 19:22:23,447:INFO:Initializing Fold 5
2020-10-05 19:22:23,448:INFO:Total runtime is 0.02750477790832519 minutes
2020-10-05 19:22:23,456:INFO:Fitting Model
2020-10-05 19:22:23,484:INFO:Evaluating Metrics
2020-10-05 19:22:23,485:INFO:No inverse transformer found
2020-10-05 19:22:23,486:INFO:Compiling Metrics
2020-10-05 19:22:23,491:INFO:Initializing Fold 6
2020-10-05 19:22:23,493:INFO:Total runtime is 0.028245079517364498 minutes
2020-10-05 19:22:23,499:INFO:Fitting Model
2020-10-05 19:22:23,524:INFO:Evaluating Metrics
2020-10-05 19:22:23,526:INFO:No inverse transformer found
2020-10-05 19:22:23,526:INFO:Compiling Metrics
2020-10-05 19:22:23,531:INFO:Initializing Fold 7
2020-10-05 19:22:23,531:INFO:Total runtime is 0.028890462716420488 minutes
2020-10-05 19:22:23,537:INFO:Fitting Model
2020-10-05 19:22:23,561:INFO:Evaluating Metrics
2020-10-05 19:22:23,562:INFO:No inverse transformer found
2020-10-05 19:22:23,562:INFO:Compiling Metrics
2020-10-05 19:22:23,567:INFO:Initializing Fold 8
2020-10-05 19:22:23,568:INFO:Total runtime is 0.02949676116307576 minutes
2020-10-05 19:22:23,574:INFO:Fitting Model
2020-10-05 19:22:23,600:INFO:Evaluating Metrics
2020-10-05 19:22:23,601:INFO:No inverse transformer found
2020-10-05 19:22:23,601:INFO:Compiling Metrics
2020-10-05 19:22:23,606:INFO:Initializing Fold 9
2020-10-05 19:22:23,607:INFO:Total runtime is 0.030148379007975255 minutes
2020-10-05 19:22:23,613:INFO:Fitting Model
2020-10-05 19:22:23,639:INFO:Evaluating Metrics
2020-10-05 19:22:23,641:INFO:No inverse transformer found
2020-10-05 19:22:23,642:INFO:Compiling Metrics
2020-10-05 19:22:23,648:INFO:Initializing Fold 10
2020-10-05 19:22:23,649:INFO:Total runtime is 0.03085781335830688 minutes
2020-10-05 19:22:23,656:INFO:Fitting Model
2020-10-05 19:22:23,685:INFO:Evaluating Metrics
2020-10-05 19:22:23,687:INFO:No inverse transformer found
2020-10-05 19:22:23,687:INFO:Compiling Metrics
2020-10-05 19:22:23,693:INFO:Calculating mean and std
2020-10-05 19:22:23,693:INFO:Creating metrics dataframe
2020-10-05 19:22:23,703:INFO:Initializing Least Angle Regression
2020-10-05 19:22:23,709:INFO:Initializing Fold 1
2020-10-05 19:22:23,710:INFO:Total runtime is 0.03186246156692504 minutes
2020-10-05 19:22:23,716:INFO:Fitting Model
2020-10-05 19:22:23,726:INFO:Evaluating Metrics
2020-10-05 19:22:23,727:INFO:No inverse transformer found
2020-10-05 19:22:23,727:INFO:Compiling Metrics
2020-10-05 19:22:23,733:INFO:Initializing Fold 2
2020-10-05 19:22:23,733:INFO:Total runtime is 0.032255478700002026 minutes
2020-10-05 19:22:23,740:INFO:Fitting Model
2020-10-05 19:22:23,745:INFO:Evaluating Metrics
2020-10-05 19:22:23,748:INFO:No inverse transformer found
2020-10-05 19:22:23,748:INFO:Compiling Metrics
2020-10-05 19:22:23,754:INFO:Initializing Fold 3
2020-10-05 19:22:23,754:INFO:Total runtime is 0.03260962963104247 minutes
2020-10-05 19:22:23,760:INFO:Fitting Model
2020-10-05 19:22:23,766:INFO:Evaluating Metrics
2020-10-05 19:22:23,767:INFO:No inverse transformer found
2020-10-05 19:22:23,767:INFO:Compiling Metrics
2020-10-05 19:22:23,773:INFO:Initializing Fold 4
2020-10-05 19:22:23,774:INFO:Total runtime is 0.03292711575826008 minutes
2020-10-05 19:22:23,781:INFO:Fitting Model
2020-10-05 19:22:23,785:INFO:Evaluating Metrics
2020-10-05 19:22:23,787:INFO:No inverse transformer found
2020-10-05 19:22:23,787:INFO:Compiling Metrics
2020-10-05 19:22:23,792:INFO:Initializing Fold 5
2020-10-05 19:22:23,793:INFO:Total runtime is 0.033256713549296046 minutes
2020-10-05 19:22:23,800:INFO:Fitting Model
2020-10-05 19:22:23,806:INFO:Evaluating Metrics
2020-10-05 19:22:23,808:INFO:No inverse transformer found
2020-10-05 19:22:23,808:INFO:Compiling Metrics
2020-10-05 19:22:23,814:INFO:Initializing Fold 6
2020-10-05 19:22:23,815:INFO:Total runtime is 0.033613745371500636 minutes
2020-10-05 19:22:23,821:INFO:Fitting Model
2020-10-05 19:22:23,825:INFO:Evaluating Metrics
2020-10-05 19:22:23,827:INFO:No inverse transformer found
2020-10-05 19:22:23,827:INFO:Compiling Metrics
2020-10-05 19:22:23,833:INFO:Initializing Fold 7
2020-10-05 19:22:23,834:INFO:Total runtime is 0.03392914533615111 minutes
2020-10-05 19:22:23,840:INFO:Fitting Model
2020-10-05 19:22:23,845:INFO:Evaluating Metrics
2020-10-05 19:22:23,847:INFO:No inverse transformer found
2020-10-05 19:22:23,847:INFO:Compiling Metrics
2020-10-05 19:22:23,852:INFO:Initializing Fold 8
2020-10-05 19:22:23,853:INFO:Total runtime is 0.03425471385320026 minutes
2020-10-05 19:22:23,859:INFO:Fitting Model
2020-10-05 19:22:23,863:INFO:Evaluating Metrics
2020-10-05 19:22:23,865:INFO:No inverse transformer found
2020-10-05 19:22:23,865:INFO:Compiling Metrics
2020-10-05 19:22:23,871:INFO:Initializing Fold 9
2020-10-05 19:22:23,872:INFO:Total runtime is 0.0345674157142639 minutes
2020-10-05 19:22:23,878:INFO:Fitting Model
2020-10-05 19:22:23,884:INFO:Evaluating Metrics
2020-10-05 19:22:23,885:INFO:No inverse transformer found
2020-10-05 19:22:23,885:INFO:Compiling Metrics
2020-10-05 19:22:23,891:INFO:Initializing Fold 10
2020-10-05 19:22:23,892:INFO:Total runtime is 0.03490604559580484 minutes
2020-10-05 19:22:23,900:INFO:Fitting Model
2020-10-05 19:22:23,906:INFO:Evaluating Metrics
2020-10-05 19:22:23,908:INFO:No inverse transformer found
2020-10-05 19:22:23,908:INFO:Compiling Metrics
2020-10-05 19:22:23,916:INFO:Calculating mean and std
2020-10-05 19:22:23,916:INFO:Creating metrics dataframe
2020-10-05 19:22:23,929:INFO:Initializing Lasso Least Angle Regression
2020-10-05 19:22:23,936:INFO:Initializing Fold 1
2020-10-05 19:22:23,937:INFO:Total runtime is 0.03565496206283568 minutes
2020-10-05 19:22:23,944:INFO:Fitting Model
2020-10-05 19:22:23,950:INFO:Evaluating Metrics
2020-10-05 19:22:23,951:INFO:No inverse transformer found
2020-10-05 19:22:23,952:INFO:Compiling Metrics
2020-10-05 19:22:23,960:INFO:Initializing Fold 2
2020-10-05 19:22:23,961:INFO:Total runtime is 0.03605602979660033 minutes
2020-10-05 19:22:23,969:INFO:Fitting Model
2020-10-05 19:22:23,974:INFO:Evaluating Metrics
2020-10-05 19:22:23,976:INFO:No inverse transformer found
2020-10-05 19:22:23,976:INFO:Compiling Metrics
2020-10-05 19:22:23,982:INFO:Initializing Fold 3
2020-10-05 19:22:23,983:INFO:Total runtime is 0.036420448621114085 minutes
2020-10-05 19:22:23,989:INFO:Fitting Model
2020-10-05 19:22:23,994:INFO:Evaluating Metrics
2020-10-05 19:22:23,997:INFO:No inverse transformer found
2020-10-05 19:22:23,997:INFO:Compiling Metrics
2020-10-05 19:22:24,002:INFO:Initializing Fold 4
2020-10-05 19:22:24,003:INFO:Total runtime is 0.03675098021825154 minutes
2020-10-05 19:22:24,009:INFO:Fitting Model
2020-10-05 19:22:24,015:INFO:Evaluating Metrics
2020-10-05 19:22:24,016:INFO:No inverse transformer found
2020-10-05 19:22:24,016:INFO:Compiling Metrics
2020-10-05 19:22:24,022:INFO:Initializing Fold 5
2020-10-05 19:22:24,023:INFO:Total runtime is 0.037082064151763905 minutes
2020-10-05 19:22:24,031:INFO:Fitting Model
2020-10-05 19:22:24,039:INFO:Evaluating Metrics
2020-10-05 19:22:24,041:INFO:No inverse transformer found
2020-10-05 19:22:24,041:INFO:Compiling Metrics
2020-10-05 19:22:24,048:INFO:Initializing Fold 6
2020-10-05 19:22:24,048:INFO:Total runtime is 0.037508277098337796 minutes
2020-10-05 19:22:24,055:INFO:Fitting Model
2020-10-05 19:22:24,059:INFO:Evaluating Metrics
2020-10-05 19:22:24,061:INFO:No inverse transformer found
2020-10-05 19:22:24,061:INFO:Compiling Metrics
2020-10-05 19:22:24,067:INFO:Initializing Fold 7
2020-10-05 19:22:24,068:INFO:Total runtime is 0.037837394078572575 minutes
2020-10-05 19:22:24,074:INFO:Fitting Model
2020-10-05 19:22:24,080:INFO:Evaluating Metrics
2020-10-05 19:22:24,081:INFO:No inverse transformer found
2020-10-05 19:22:24,081:INFO:Compiling Metrics
2020-10-05 19:22:24,087:INFO:Initializing Fold 8
2020-10-05 19:22:24,088:INFO:Total runtime is 0.03816179434458413 minutes
2020-10-05 19:22:24,093:INFO:Fitting Model
2020-10-05 19:22:24,098:INFO:Evaluating Metrics
2020-10-05 19:22:24,100:INFO:No inverse transformer found
2020-10-05 19:22:24,100:INFO:Compiling Metrics
2020-10-05 19:22:24,105:INFO:Initializing Fold 9
2020-10-05 19:22:24,106:INFO:Total runtime is 0.038464347521464014 minutes
2020-10-05 19:22:24,111:INFO:Fitting Model
2020-10-05 19:22:24,116:INFO:Evaluating Metrics
2020-10-05 19:22:24,117:INFO:No inverse transformer found
2020-10-05 19:22:24,117:INFO:Compiling Metrics
2020-10-05 19:22:24,122:INFO:Initializing Fold 10
2020-10-05 19:22:24,123:INFO:Total runtime is 0.03875352938969928 minutes
2020-10-05 19:22:24,129:INFO:Fitting Model
2020-10-05 19:22:24,133:INFO:Evaluating Metrics
2020-10-05 19:22:24,135:INFO:No inverse transformer found
2020-10-05 19:22:24,135:INFO:Compiling Metrics
2020-10-05 19:22:24,139:INFO:Calculating mean and std
2020-10-05 19:22:24,140:INFO:Creating metrics dataframe
2020-10-05 19:22:24,150:INFO:Initializing Orthogonal Matching Pursuit
2020-10-05 19:22:24,155:INFO:Initializing Fold 1
2020-10-05 19:22:24,156:INFO:Total runtime is 0.03929316202799477 minutes
2020-10-05 19:22:24,162:INFO:Fitting Model
2020-10-05 19:22:24,166:INFO:Evaluating Metrics
2020-10-05 19:22:24,168:INFO:No inverse transformer found
2020-10-05 19:22:24,168:INFO:Compiling Metrics
2020-10-05 19:22:24,177:INFO:Initializing Fold 2
2020-10-05 19:22:24,179:INFO:Total runtime is 0.039681414763132715 minutes
2020-10-05 19:22:24,188:INFO:Fitting Model
2020-10-05 19:22:24,192:INFO:Evaluating Metrics
2020-10-05 19:22:24,194:INFO:No inverse transformer found
2020-10-05 19:22:24,194:INFO:Compiling Metrics
2020-10-05 19:22:24,203:INFO:Initializing Fold 3
2020-10-05 19:22:24,204:INFO:Total runtime is 0.040096628665924054 minutes
2020-10-05 19:22:24,212:INFO:Fitting Model
2020-10-05 19:22:24,216:INFO:Evaluating Metrics
2020-10-05 19:22:24,217:INFO:No inverse transformer found
2020-10-05 19:22:24,217:INFO:Compiling Metrics
2020-10-05 19:22:24,223:INFO:Initializing Fold 4
2020-10-05 19:22:24,224:INFO:Total runtime is 0.04043897787729897 minutes
2020-10-05 19:22:24,232:INFO:Fitting Model
2020-10-05 19:22:24,235:INFO:Evaluating Metrics
2020-10-05 19:22:24,236:INFO:No inverse transformer found
2020-10-05 19:22:24,237:INFO:Compiling Metrics
2020-10-05 19:22:24,244:INFO:Initializing Fold 5
2020-10-05 19:22:24,245:INFO:Total runtime is 0.040781712532043435 minutes
2020-10-05 19:22:24,252:INFO:Fitting Model
2020-10-05 19:22:24,255:INFO:Evaluating Metrics
2020-10-05 19:22:24,257:INFO:No inverse transformer found
2020-10-05 19:22:24,257:INFO:Compiling Metrics
2020-10-05 19:22:24,263:INFO:Initializing Fold 6
2020-10-05 19:22:24,264:INFO:Total runtime is 0.04110409816106158 minutes
2020-10-05 19:22:24,270:INFO:Fitting Model
2020-10-05 19:22:24,273:INFO:Evaluating Metrics
2020-10-05 19:22:24,275:INFO:No inverse transformer found
2020-10-05 19:22:24,275:INFO:Compiling Metrics
2020-10-05 19:22:24,281:INFO:Initializing Fold 7
2020-10-05 19:22:24,282:INFO:Total runtime is 0.04140091339747108 minutes
2020-10-05 19:22:24,288:INFO:Fitting Model
2020-10-05 19:22:24,290:INFO:Evaluating Metrics
2020-10-05 19:22:24,292:INFO:No inverse transformer found
2020-10-05 19:22:24,292:INFO:Compiling Metrics
2020-10-05 19:22:24,299:INFO:Initializing Fold 8
2020-10-05 19:22:24,300:INFO:Total runtime is 0.04169996182123817 minutes
2020-10-05 19:22:24,306:INFO:Fitting Model
2020-10-05 19:22:24,308:INFO:Evaluating Metrics
2020-10-05 19:22:24,310:INFO:No inverse transformer found
2020-10-05 19:22:24,310:INFO:Compiling Metrics
2020-10-05 19:22:24,316:INFO:Initializing Fold 9
2020-10-05 19:22:24,317:INFO:Total runtime is 0.04198554754257199 minutes
2020-10-05 19:22:24,323:INFO:Fitting Model
2020-10-05 19:22:24,326:INFO:Evaluating Metrics
2020-10-05 19:22:24,327:INFO:No inverse transformer found
2020-10-05 19:22:24,327:INFO:Compiling Metrics
2020-10-05 19:22:24,333:INFO:Initializing Fold 10
2020-10-05 19:22:24,334:INFO:Total runtime is 0.04227286577224729 minutes
2020-10-05 19:22:24,341:INFO:Fitting Model
2020-10-05 19:22:24,344:INFO:Evaluating Metrics
2020-10-05 19:22:24,345:INFO:No inverse transformer found
2020-10-05 19:22:24,345:INFO:Compiling Metrics
2020-10-05 19:22:24,351:INFO:Calculating mean and std
2020-10-05 19:22:24,351:INFO:Creating metrics dataframe
2020-10-05 19:22:24,363:INFO:Initializing Bayesian Ridge
2020-10-05 19:22:24,369:INFO:Initializing Fold 1
2020-10-05 19:22:24,370:INFO:Total runtime is 0.04286529620488482 minutes
2020-10-05 19:22:24,376:INFO:Fitting Model
2020-10-05 19:22:24,389:INFO:Evaluating Metrics
2020-10-05 19:22:24,391:INFO:No inverse transformer found
2020-10-05 19:22:24,391:INFO:Compiling Metrics
2020-10-05 19:22:24,400:INFO:Initializing Fold 2
2020-10-05 19:22:24,401:INFO:Total runtime is 0.04337879816691078 minutes
2020-10-05 19:22:24,406:INFO:Fitting Model
2020-10-05 19:22:24,413:INFO:Evaluating Metrics
2020-10-05 19:22:24,415:INFO:No inverse transformer found
2020-10-05 19:22:24,415:INFO:Compiling Metrics
2020-10-05 19:22:24,420:INFO:Initializing Fold 3
2020-10-05 19:22:24,421:INFO:Total runtime is 0.04372036457061765 minutes
2020-10-05 19:22:24,427:INFO:Fitting Model
2020-10-05 19:22:24,434:INFO:Evaluating Metrics
2020-10-05 19:22:24,435:INFO:No inverse transformer found
2020-10-05 19:22:24,435:INFO:Compiling Metrics
2020-10-05 19:22:24,441:INFO:Initializing Fold 4
2020-10-05 19:22:24,442:INFO:Total runtime is 0.04406784772872922 minutes
2020-10-05 19:22:24,448:INFO:Fitting Model
2020-10-05 19:22:24,454:INFO:Evaluating Metrics
2020-10-05 19:22:24,456:INFO:No inverse transformer found
2020-10-05 19:22:24,456:INFO:Compiling Metrics
2020-10-05 19:22:24,463:INFO:Initializing Fold 5
2020-10-05 19:22:24,464:INFO:Total runtime is 0.04444262981414793 minutes
2020-10-05 19:22:24,470:INFO:Fitting Model
2020-10-05 19:22:24,476:INFO:Evaluating Metrics
2020-10-05 19:22:24,478:INFO:No inverse transformer found
2020-10-05 19:22:24,478:INFO:Compiling Metrics
2020-10-05 19:22:24,484:INFO:Initializing Fold 6
2020-10-05 19:22:24,484:INFO:Total runtime is 0.04477438131968178 minutes
2020-10-05 19:22:24,490:INFO:Fitting Model
2020-10-05 19:22:24,496:INFO:Evaluating Metrics
2020-10-05 19:22:24,498:INFO:No inverse transformer found
2020-10-05 19:22:24,498:INFO:Compiling Metrics
2020-10-05 19:22:24,504:INFO:Initializing Fold 7
2020-10-05 19:22:24,505:INFO:Total runtime is 0.045112478733062726 minutes
2020-10-05 19:22:24,511:INFO:Fitting Model
2020-10-05 19:22:24,518:INFO:Evaluating Metrics
2020-10-05 19:22:24,519:INFO:No inverse transformer found
2020-10-05 19:22:24,519:INFO:Compiling Metrics
2020-10-05 19:22:24,524:INFO:Initializing Fold 8
2020-10-05 19:22:24,525:INFO:Total runtime is 0.045454164346059145 minutes
2020-10-05 19:22:24,531:INFO:Fitting Model
2020-10-05 19:22:24,536:INFO:Evaluating Metrics
2020-10-05 19:22:24,538:INFO:No inverse transformer found
2020-10-05 19:22:24,538:INFO:Compiling Metrics
2020-10-05 19:22:24,543:INFO:Initializing Fold 9
2020-10-05 19:22:24,544:INFO:Total runtime is 0.045774996280670145 minutes
2020-10-05 19:22:24,552:INFO:Fitting Model
2020-10-05 19:22:24,559:INFO:Evaluating Metrics
2020-10-05 19:22:24,560:INFO:No inverse transformer found
2020-10-05 19:22:24,560:INFO:Compiling Metrics
2020-10-05 19:22:24,566:INFO:Initializing Fold 10
2020-10-05 19:22:24,567:INFO:Total runtime is 0.04615484873453774 minutes
2020-10-05 19:22:24,573:INFO:Fitting Model
2020-10-05 19:22:24,580:INFO:Evaluating Metrics
2020-10-05 19:22:24,581:INFO:No inverse transformer found
2020-10-05 19:22:24,581:INFO:Compiling Metrics
2020-10-05 19:22:24,587:INFO:Calculating mean and std
2020-10-05 19:22:24,587:INFO:Creating metrics dataframe
2020-10-05 19:22:24,598:INFO:Initializing Passive Aggressive Regressor
2020-10-05 19:22:24,603:INFO:Initializing Fold 1
2020-10-05 19:22:24,604:INFO:Total runtime is 0.04677017927169798 minutes
2020-10-05 19:22:24,610:INFO:Fitting Model
2020-10-05 19:22:24,691:INFO:Evaluating Metrics
2020-10-05 19:22:24,693:INFO:No inverse transformer found
2020-10-05 19:22:24,693:INFO:Compiling Metrics
2020-10-05 19:22:24,698:INFO:Initializing Fold 2
2020-10-05 19:22:24,699:INFO:Total runtime is 0.04835044542948403 minutes
2020-10-05 19:22:24,704:INFO:Fitting Model
2020-10-05 19:22:24,754:INFO:Evaluating Metrics
2020-10-05 19:22:24,756:INFO:No inverse transformer found
2020-10-05 19:22:24,756:INFO:Compiling Metrics
2020-10-05 19:22:24,761:INFO:Initializing Fold 3
2020-10-05 19:22:24,761:INFO:Total runtime is 0.04939106305440265 minutes
2020-10-05 19:22:24,766:INFO:Fitting Model
2020-10-05 19:22:24,816:INFO:Evaluating Metrics
2020-10-05 19:22:24,818:INFO:No inverse transformer found
2020-10-05 19:22:24,818:INFO:Compiling Metrics
2020-10-05 19:22:24,822:INFO:Initializing Fold 4
2020-10-05 19:22:24,823:INFO:Total runtime is 0.05041873057683307 minutes
2020-10-05 19:22:24,829:INFO:Fitting Model
2020-10-05 19:22:24,891:INFO:Evaluating Metrics
2020-10-05 19:22:24,893:INFO:No inverse transformer found
2020-10-05 19:22:24,893:INFO:Compiling Metrics
2020-10-05 19:22:24,897:INFO:Initializing Fold 5
2020-10-05 19:22:24,898:INFO:Total runtime is 0.05166964928309121 minutes
2020-10-05 19:22:24,903:INFO:Fitting Model
2020-10-05 19:22:24,961:INFO:Evaluating Metrics
2020-10-05 19:22:24,962:INFO:No inverse transformer found
2020-10-05 19:22:24,962:INFO:Compiling Metrics
2020-10-05 19:22:24,967:INFO:Initializing Fold 6
2020-10-05 19:22:24,968:INFO:Total runtime is 0.05282799800237018 minutes
2020-10-05 19:22:24,972:INFO:Fitting Model
2020-10-05 19:22:25,031:INFO:Evaluating Metrics
2020-10-05 19:22:25,032:INFO:No inverse transformer found
2020-10-05 19:22:25,032:INFO:Compiling Metrics
2020-10-05 19:22:25,037:INFO:Initializing Fold 7
2020-10-05 19:22:25,038:INFO:Total runtime is 0.05400449434916177 minutes
2020-10-05 19:22:25,043:INFO:Fitting Model
2020-10-05 19:22:25,124:INFO:Evaluating Metrics
2020-10-05 19:22:25,125:INFO:No inverse transformer found
2020-10-05 19:22:25,125:INFO:Compiling Metrics
2020-10-05 19:22:25,130:INFO:Initializing Fold 8
2020-10-05 19:22:25,130:INFO:Total runtime is 0.055537064870198556 minutes
2020-10-05 19:22:25,134:INFO:Fitting Model
2020-10-05 19:22:25,190:INFO:Evaluating Metrics
2020-10-05 19:22:25,191:INFO:No inverse transformer found
2020-10-05 19:22:25,191:INFO:Compiling Metrics
2020-10-05 19:22:25,196:INFO:Initializing Fold 9
2020-10-05 19:22:25,197:INFO:Total runtime is 0.05664639870325723 minutes
2020-10-05 19:22:25,202:INFO:Fitting Model
2020-10-05 19:22:25,259:INFO:Evaluating Metrics
2020-10-05 19:22:25,261:INFO:No inverse transformer found
2020-10-05 19:22:25,261:INFO:Compiling Metrics
2020-10-05 19:22:25,265:INFO:Initializing Fold 10
2020-10-05 19:22:25,266:INFO:Total runtime is 0.05780091285705565 minutes
2020-10-05 19:22:25,271:INFO:Fitting Model
2020-10-05 19:22:25,295:INFO:Evaluating Metrics
2020-10-05 19:22:25,296:INFO:No inverse transformer found
2020-10-05 19:22:25,296:INFO:Compiling Metrics
2020-10-05 19:22:25,301:INFO:Calculating mean and std
2020-10-05 19:22:25,302:INFO:Creating metrics dataframe
2020-10-05 19:22:25,313:INFO:Initializing Random Sample Consensus
2020-10-05 19:22:25,318:INFO:Initializing Fold 1
2020-10-05 19:22:25,318:INFO:Total runtime is 0.058675078550974515 minutes
2020-10-05 19:22:25,324:INFO:Fitting Model
2020-10-05 19:22:25,516:INFO:Evaluating Metrics
2020-10-05 19:22:25,517:INFO:No inverse transformer found
2020-10-05 19:22:25,518:INFO:Compiling Metrics
2020-10-05 19:22:25,522:INFO:Initializing Fold 2
2020-10-05 19:22:25,523:INFO:Total runtime is 0.0620817462603251 minutes
2020-10-05 19:22:25,528:INFO:Fitting Model
2020-10-05 19:22:25,702:INFO:Evaluating Metrics
2020-10-05 19:22:25,703:INFO:No inverse transformer found
2020-10-05 19:22:25,703:INFO:Compiling Metrics
2020-10-05 19:22:25,708:INFO:Initializing Fold 3
2020-10-05 19:22:25,709:INFO:Total runtime is 0.06517661412556965 minutes
2020-10-05 19:22:25,713:INFO:Fitting Model
2020-10-05 19:22:25,876:INFO:Evaluating Metrics
2020-10-05 19:22:25,877:INFO:No inverse transformer found
2020-10-05 19:22:25,877:INFO:Compiling Metrics
2020-10-05 19:22:25,882:INFO:Initializing Fold 4
2020-10-05 19:22:25,883:INFO:Total runtime is 0.06807926495869952 minutes
2020-10-05 19:22:25,888:INFO:Fitting Model
2020-10-05 19:22:26,056:INFO:Evaluating Metrics
2020-10-05 19:22:26,057:INFO:No inverse transformer found
2020-10-05 19:22:26,057:INFO:Compiling Metrics
2020-10-05 19:22:26,062:INFO:Initializing Fold 5
2020-10-05 19:22:26,062:INFO:Total runtime is 0.07107381025950112 minutes
2020-10-05 19:22:26,068:INFO:Fitting Model
2020-10-05 19:22:26,232:INFO:Evaluating Metrics
2020-10-05 19:22:26,233:INFO:No inverse transformer found
2020-10-05 19:22:26,233:INFO:Compiling Metrics
2020-10-05 19:22:26,238:INFO:Initializing Fold 6
2020-10-05 19:22:26,238:INFO:Total runtime is 0.07400579849878945 minutes
2020-10-05 19:22:26,244:INFO:Fitting Model
2020-10-05 19:22:26,408:INFO:Evaluating Metrics
2020-10-05 19:22:26,410:INFO:No inverse transformer found
2020-10-05 19:22:26,410:INFO:Compiling Metrics
2020-10-05 19:22:26,414:INFO:Initializing Fold 7
2020-10-05 19:22:26,415:INFO:Total runtime is 0.07695491313934325 minutes
2020-10-05 19:22:26,421:INFO:Fitting Model
2020-10-05 19:22:26,592:INFO:Evaluating Metrics
2020-10-05 19:22:26,593:INFO:No inverse transformer found
2020-10-05 19:22:26,593:INFO:Compiling Metrics
2020-10-05 19:22:26,598:INFO:Initializing Fold 8
2020-10-05 19:22:26,599:INFO:Total runtime is 0.08001134792963661 minutes
2020-10-05 19:22:26,604:INFO:Fitting Model
2020-10-05 19:22:26,784:INFO:Evaluating Metrics
2020-10-05 19:22:26,785:INFO:No inverse transformer found
2020-10-05 19:22:26,785:INFO:Compiling Metrics
2020-10-05 19:22:26,790:INFO:Initializing Fold 9
2020-10-05 19:22:26,790:INFO:Total runtime is 0.08320897817611692 minutes
2020-10-05 19:22:26,795:INFO:Fitting Model
2020-10-05 19:22:26,962:INFO:Evaluating Metrics
2020-10-05 19:22:26,963:INFO:No inverse transformer found
2020-10-05 19:22:26,963:INFO:Compiling Metrics
2020-10-05 19:22:26,968:INFO:Initializing Fold 10
2020-10-05 19:22:26,968:INFO:Total runtime is 0.08617574771245318 minutes
2020-10-05 19:22:26,974:INFO:Fitting Model
2020-10-05 19:22:27,143:INFO:Evaluating Metrics
2020-10-05 19:22:27,145:INFO:No inverse transformer found
2020-10-05 19:22:27,145:INFO:Compiling Metrics
2020-10-05 19:22:27,149:INFO:Calculating mean and std
2020-10-05 19:22:27,150:INFO:Creating metrics dataframe
2020-10-05 19:22:27,161:INFO:Initializing TheilSen Regressor
2020-10-05 19:22:27,166:INFO:Initializing Fold 1
2020-10-05 19:22:27,166:INFO:Total runtime is 0.0894756992657979 minutes
2020-10-05 19:22:27,172:INFO:Fitting Model
2020-10-05 19:22:31,928:INFO:Evaluating Metrics
2020-10-05 19:22:31,932:INFO:No inverse transformer found
2020-10-05 19:22:31,933:INFO:Compiling Metrics
2020-10-05 19:22:31,944:INFO:Initializing Fold 2
2020-10-05 19:22:31,945:INFO:Total runtime is 0.1691211620966593 minutes
2020-10-05 19:22:31,954:INFO:Fitting Model
2020-10-05 19:22:34,614:INFO:Evaluating Metrics
2020-10-05 19:22:34,616:INFO:No inverse transformer found
2020-10-05 19:22:34,616:INFO:Compiling Metrics
2020-10-05 19:22:34,622:INFO:Initializing Fold 3
2020-10-05 19:22:34,623:INFO:Total runtime is 0.21375429630279538 minutes
2020-10-05 19:22:34,630:INFO:Fitting Model
2020-10-05 19:22:37,459:INFO:Evaluating Metrics
2020-10-05 19:22:37,460:INFO:No inverse transformer found
2020-10-05 19:22:37,460:INFO:Compiling Metrics
2020-10-05 19:22:37,466:INFO:Initializing Fold 4
2020-10-05 19:22:37,467:INFO:Total runtime is 0.26114902893702185 minutes
2020-10-05 19:22:37,472:INFO:Fitting Model
2020-10-05 19:22:39,919:INFO:Evaluating Metrics
2020-10-05 19:22:39,921:INFO:No inverse transformer found
2020-10-05 19:22:39,921:INFO:Compiling Metrics
2020-10-05 19:22:39,927:INFO:Initializing Fold 5
2020-10-05 19:22:39,927:INFO:Total runtime is 0.30215504566828405 minutes
2020-10-05 19:22:39,933:INFO:Fitting Model
2020-10-05 19:22:42,243:INFO:Evaluating Metrics
2020-10-05 19:22:42,245:INFO:No inverse transformer found
2020-10-05 19:22:42,245:INFO:Compiling Metrics
2020-10-05 19:22:42,250:INFO:Initializing Fold 6
2020-10-05 19:22:42,251:INFO:Total runtime is 0.34088094631830845 minutes
2020-10-05 19:22:42,256:INFO:Fitting Model
2020-10-05 19:22:44,747:INFO:Evaluating Metrics
2020-10-05 19:22:44,748:INFO:No inverse transformer found
2020-10-05 19:22:44,749:INFO:Compiling Metrics
2020-10-05 19:22:44,755:INFO:Initializing Fold 7
2020-10-05 19:22:44,755:INFO:Total runtime is 0.3826246817906697 minutes
2020-10-05 19:22:44,761:INFO:Fitting Model
2020-10-05 19:22:47,384:INFO:Evaluating Metrics
2020-10-05 19:22:47,385:INFO:No inverse transformer found
2020-10-05 19:22:47,385:INFO:Compiling Metrics
2020-10-05 19:22:47,392:INFO:Initializing Fold 8
2020-10-05 19:22:47,393:INFO:Total runtime is 0.42658418019612626 minutes
2020-10-05 19:22:47,399:INFO:Fitting Model
2020-10-05 19:22:50,246:INFO:Evaluating Metrics
2020-10-05 19:22:50,248:INFO:No inverse transformer found
2020-10-05 19:22:50,248:INFO:Compiling Metrics
2020-10-05 19:22:50,254:INFO:Initializing Fold 9
2020-10-05 19:22:50,255:INFO:Total runtime is 0.4742777625719706 minutes
2020-10-05 19:22:50,261:INFO:Fitting Model
2020-10-05 19:22:52,876:INFO:Evaluating Metrics
2020-10-05 19:22:52,878:INFO:No inverse transformer found
2020-10-05 19:22:52,878:INFO:Compiling Metrics
2020-10-05 19:22:52,884:INFO:Initializing Fold 10
2020-10-05 19:22:52,885:INFO:Total runtime is 0.5181142489115397 minutes
2020-10-05 19:22:52,891:INFO:Fitting Model
2020-10-05 19:22:55,502:INFO:Evaluating Metrics
2020-10-05 19:22:55,503:INFO:No inverse transformer found
2020-10-05 19:22:55,504:INFO:Compiling Metrics
2020-10-05 19:22:55,510:INFO:Calculating mean and std
2020-10-05 19:22:55,510:INFO:Creating metrics dataframe
2020-10-05 19:22:55,524:INFO:Initializing Huber Regressor
2020-10-05 19:22:55,531:INFO:Initializing Fold 1
2020-10-05 19:22:55,532:INFO:Total runtime is 0.5622284491856893 minutes
2020-10-05 19:22:55,540:INFO:Fitting Model
2020-10-05 19:22:55,696:INFO:Evaluating Metrics
2020-10-05 19:22:55,698:INFO:No inverse transformer found
2020-10-05 19:22:55,698:INFO:Compiling Metrics
2020-10-05 19:22:55,705:INFO:Initializing Fold 2
2020-10-05 19:22:55,706:INFO:Total runtime is 0.5651267608006795 minutes
2020-10-05 19:22:55,715:INFO:Fitting Model
2020-10-05 19:22:55,871:INFO:Evaluating Metrics
2020-10-05 19:22:55,873:INFO:No inverse transformer found
2020-10-05 19:22:55,873:INFO:Compiling Metrics
2020-10-05 19:22:55,879:INFO:Initializing Fold 3
2020-10-05 19:22:55,879:INFO:Total runtime is 0.5680252790451049 minutes
2020-10-05 19:22:55,885:INFO:Fitting Model
2020-10-05 19:22:55,991:INFO:Evaluating Metrics
2020-10-05 19:22:55,993:INFO:No inverse transformer found
2020-10-05 19:22:55,993:INFO:Compiling Metrics
2020-10-05 19:22:55,998:INFO:Initializing Fold 4
2020-10-05 19:22:55,998:INFO:Total runtime is 0.5700094620386759 minutes
2020-10-05 19:22:56,004:INFO:Fitting Model
2020-10-05 19:22:56,126:INFO:Evaluating Metrics
2020-10-05 19:22:56,128:INFO:No inverse transformer found
2020-10-05 19:22:56,128:INFO:Compiling Metrics
2020-10-05 19:22:56,133:INFO:Initializing Fold 5
2020-10-05 19:22:56,133:INFO:Total runtime is 0.5722556630770365 minutes
2020-10-05 19:22:56,139:INFO:Fitting Model
2020-10-05 19:22:56,241:INFO:Evaluating Metrics
2020-10-05 19:22:56,242:INFO:No inverse transformer found
2020-10-05 19:22:56,242:INFO:Compiling Metrics
2020-10-05 19:22:56,247:INFO:Initializing Fold 6
2020-10-05 19:22:56,248:INFO:Total runtime is 0.5741671959559121 minutes
2020-10-05 19:22:56,253:INFO:Fitting Model
2020-10-05 19:22:56,362:INFO:Evaluating Metrics
2020-10-05 19:22:56,363:INFO:No inverse transformer found
2020-10-05 19:22:56,364:INFO:Compiling Metrics
2020-10-05 19:22:56,368:INFO:Initializing Fold 7
2020-10-05 19:22:56,369:INFO:Total runtime is 0.5761844992637633 minutes
2020-10-05 19:22:56,374:INFO:Fitting Model
2020-10-05 19:22:56,500:INFO:Evaluating Metrics
2020-10-05 19:22:56,501:INFO:No inverse transformer found
2020-10-05 19:22:56,501:INFO:Compiling Metrics
2020-10-05 19:22:56,506:INFO:Initializing Fold 8
2020-10-05 19:22:56,507:INFO:Total runtime is 0.5784785668055215 minutes
2020-10-05 19:22:56,514:INFO:Fitting Model
2020-10-05 19:22:56,613:INFO:Evaluating Metrics
2020-10-05 19:22:56,614:INFO:No inverse transformer found
2020-10-05 19:22:56,614:INFO:Compiling Metrics
2020-10-05 19:22:56,619:INFO:Initializing Fold 9
2020-10-05 19:22:56,620:INFO:Total runtime is 0.5803656657536823 minutes
2020-10-05 19:22:56,626:INFO:Fitting Model
2020-10-05 19:22:56,744:INFO:Evaluating Metrics
2020-10-05 19:22:56,745:INFO:No inverse transformer found
2020-10-05 19:22:56,745:INFO:Compiling Metrics
2020-10-05 19:22:56,750:INFO:Initializing Fold 10
2020-10-05 19:22:56,750:INFO:Total runtime is 0.5825401107470193 minutes
2020-10-05 19:22:56,756:INFO:Fitting Model
2020-10-05 19:22:56,868:INFO:Evaluating Metrics
2020-10-05 19:22:56,870:INFO:No inverse transformer found
2020-10-05 19:22:56,870:INFO:Compiling Metrics
2020-10-05 19:22:56,874:INFO:Calculating mean and std
2020-10-05 19:22:56,875:INFO:Creating metrics dataframe
2020-10-05 19:22:56,885:INFO:Initializing Support Vector Machine
2020-10-05 19:22:56,890:INFO:Initializing Fold 1
2020-10-05 19:22:56,891:INFO:Total runtime is 0.5848898291587827 minutes
2020-10-05 19:22:56,897:INFO:Fitting Model
2020-10-05 19:23:01,881:INFO:Evaluating Metrics
2020-10-05 19:23:02,183:INFO:No inverse transformer found
2020-10-05 19:23:02,183:INFO:Compiling Metrics
2020-10-05 19:23:02,188:INFO:Initializing Fold 2
2020-10-05 19:23:02,189:INFO:Total runtime is 0.6731917818387347 minutes
2020-10-05 19:23:02,195:INFO:Fitting Model
2020-10-05 19:23:07,003:INFO:Evaluating Metrics
2020-10-05 19:23:07,297:INFO:No inverse transformer found
2020-10-05 19:23:07,297:INFO:Compiling Metrics
2020-10-05 19:23:07,302:INFO:Initializing Fold 3
2020-10-05 19:23:07,303:INFO:Total runtime is 0.7584161122639972 minutes
2020-10-05 19:23:07,308:INFO:Fitting Model
2020-10-05 19:23:11,978:INFO:Evaluating Metrics
2020-10-05 19:23:12,267:INFO:No inverse transformer found
2020-10-05 19:23:12,267:INFO:Compiling Metrics
2020-10-05 19:23:12,272:INFO:Initializing Fold 4
2020-10-05 19:23:12,272:INFO:Total runtime is 0.8412401318550108 minutes
2020-10-05 19:23:12,277:INFO:Fitting Model
2020-10-05 19:23:16,824:INFO:Evaluating Metrics
2020-10-05 19:23:17,112:INFO:No inverse transformer found
2020-10-05 19:23:17,112:INFO:Compiling Metrics
2020-10-05 19:23:17,116:INFO:Initializing Fold 5
2020-10-05 19:23:17,117:INFO:Total runtime is 0.9219866951306659 minutes
2020-10-05 19:23:17,122:INFO:Fitting Model
2020-10-05 19:23:21,762:INFO:Evaluating Metrics
2020-10-05 19:23:22,043:INFO:No inverse transformer found
2020-10-05 19:23:22,043:INFO:Compiling Metrics
2020-10-05 19:23:22,048:INFO:Initializing Fold 6
2020-10-05 19:23:22,049:INFO:Total runtime is 1.0041778643925983 minutes
2020-10-05 19:23:22,053:INFO:Fitting Model
2020-10-05 19:23:26,534:INFO:Evaluating Metrics
2020-10-05 19:23:26,823:INFO:No inverse transformer found
2020-10-05 19:23:26,823:INFO:Compiling Metrics
2020-10-05 19:23:26,827:INFO:Initializing Fold 7
2020-10-05 19:23:26,828:INFO:Total runtime is 1.0838332136472064 minutes
2020-10-05 19:23:26,832:INFO:Fitting Model
2020-10-05 19:23:31,391:INFO:Evaluating Metrics
2020-10-05 19:23:31,690:INFO:No inverse transformer found
2020-10-05 19:23:31,690:INFO:Compiling Metrics
2020-10-05 19:23:31,696:INFO:Initializing Fold 8
2020-10-05 19:23:31,696:INFO:Total runtime is 1.1649750987688698 minutes
2020-10-05 19:23:31,701:INFO:Fitting Model
2020-10-05 19:23:36,318:INFO:Evaluating Metrics
2020-10-05 19:23:36,665:INFO:No inverse transformer found
2020-10-05 19:23:36,665:INFO:Compiling Metrics
2020-10-05 19:23:36,670:INFO:Initializing Fold 9
2020-10-05 19:23:36,671:INFO:Total runtime is 1.2478798627853391 minutes
2020-10-05 19:23:36,676:INFO:Fitting Model
2020-10-05 19:23:42,040:INFO:Evaluating Metrics
2020-10-05 19:23:42,384:INFO:No inverse transformer found
2020-10-05 19:23:42,384:INFO:Compiling Metrics
2020-10-05 19:23:42,389:INFO:Initializing Fold 10
2020-10-05 19:23:42,390:INFO:Total runtime is 1.343193995952606 minutes
2020-10-05 19:23:42,394:INFO:Fitting Model
2020-10-05 19:23:47,644:INFO:Evaluating Metrics
2020-10-05 19:23:47,926:INFO:No inverse transformer found
2020-10-05 19:23:47,926:INFO:Compiling Metrics
2020-10-05 19:23:47,931:INFO:Calculating mean and std
2020-10-05 19:23:47,931:INFO:Creating metrics dataframe
2020-10-05 19:23:47,940:INFO:Initializing K Neighbors Regressor
2020-10-05 19:23:47,944:INFO:Initializing Fold 1
2020-10-05 19:23:47,945:INFO:Total runtime is 1.4357806801795958 minutes
2020-10-05 19:23:47,949:INFO:Fitting Model
2020-10-05 19:23:47,961:INFO:Evaluating Metrics
2020-10-05 19:23:47,977:INFO:No inverse transformer found
2020-10-05 19:23:47,977:INFO:Compiling Metrics
2020-10-05 19:23:47,982:INFO:Initializing Fold 2
2020-10-05 19:23:47,983:INFO:Total runtime is 1.436415914694468 minutes
2020-10-05 19:23:47,988:INFO:Fitting Model
2020-10-05 19:23:47,997:INFO:Evaluating Metrics
2020-10-05 19:23:48,006:INFO:No inverse transformer found
2020-10-05 19:23:48,006:INFO:Compiling Metrics
2020-10-05 19:23:48,011:INFO:Initializing Fold 3
2020-10-05 19:23:48,012:INFO:Total runtime is 1.4369042118390398 minutes
2020-10-05 19:23:48,017:INFO:Fitting Model
2020-10-05 19:23:48,026:INFO:Evaluating Metrics
2020-10-05 19:23:48,035:INFO:No inverse transformer found
2020-10-05 19:23:48,035:INFO:Compiling Metrics
2020-10-05 19:23:48,041:INFO:Initializing Fold 4
2020-10-05 19:23:48,041:INFO:Total runtime is 1.4373928984006243 minutes
2020-10-05 19:23:48,046:INFO:Fitting Model
2020-10-05 19:23:48,056:INFO:Evaluating Metrics
2020-10-05 19:23:48,065:INFO:No inverse transformer found
2020-10-05 19:23:48,065:INFO:Compiling Metrics
2020-10-05 19:23:48,070:INFO:Initializing Fold 5
2020-10-05 19:23:48,070:INFO:Total runtime is 1.4378697276115415 minutes
2020-10-05 19:23:48,075:INFO:Fitting Model
2020-10-05 19:23:48,084:INFO:Evaluating Metrics
2020-10-05 19:23:48,091:INFO:No inverse transformer found
2020-10-05 19:23:48,092:INFO:Compiling Metrics
2020-10-05 19:23:48,096:INFO:Initializing Fold 6
2020-10-05 19:23:48,097:INFO:Total runtime is 1.4383116483688352 minutes
2020-10-05 19:23:48,101:INFO:Fitting Model
2020-10-05 19:23:48,109:INFO:Evaluating Metrics
2020-10-05 19:23:48,117:INFO:No inverse transformer found
2020-10-05 19:23:48,117:INFO:Compiling Metrics
2020-10-05 19:23:48,122:INFO:Initializing Fold 7
2020-10-05 19:23:48,122:INFO:Total runtime is 1.438736812273661 minutes
2020-10-05 19:23:48,127:INFO:Fitting Model
2020-10-05 19:23:48,136:INFO:Evaluating Metrics
2020-10-05 19:23:48,143:INFO:No inverse transformer found
2020-10-05 19:23:48,144:INFO:Compiling Metrics
2020-10-05 19:23:48,148:INFO:Initializing Fold 8
2020-10-05 19:23:48,149:INFO:Total runtime is 1.4391788601875302 minutes
2020-10-05 19:23:48,153:INFO:Fitting Model
2020-10-05 19:23:48,161:INFO:Evaluating Metrics
2020-10-05 19:23:48,169:INFO:No inverse transformer found
2020-10-05 19:23:48,169:INFO:Compiling Metrics
2020-10-05 19:23:48,174:INFO:Initializing Fold 9
2020-10-05 19:23:48,175:INFO:Total runtime is 1.4396147330602007 minutes
2020-10-05 19:23:48,190:INFO:Fitting Model
2020-10-05 19:23:48,219:INFO:Evaluating Metrics
2020-10-05 19:23:48,236:INFO:No inverse transformer found
2020-10-05 19:23:48,237:INFO:Compiling Metrics
2020-10-05 19:23:48,249:INFO:Initializing Fold 10
2020-10-05 19:23:48,250:INFO:Total runtime is 1.4408638954162594 minutes
2020-10-05 19:23:48,263:INFO:Fitting Model
2020-10-05 19:23:48,280:INFO:Evaluating Metrics
2020-10-05 19:23:48,296:INFO:No inverse transformer found
2020-10-05 19:23:48,296:INFO:Compiling Metrics
2020-10-05 19:23:48,307:INFO:Calculating mean and std
2020-10-05 19:23:48,308:INFO:Creating metrics dataframe
2020-10-05 19:23:48,331:INFO:Initializing Decision Tree
2020-10-05 19:23:48,343:INFO:Initializing Fold 1
2020-10-05 19:23:48,344:INFO:Total runtime is 1.4424272457758582 minutes
2020-10-05 19:23:48,355:INFO:Fitting Model
2020-10-05 19:23:48,475:INFO:Evaluating Metrics
2020-10-05 19:23:48,477:INFO:No inverse transformer found
2020-10-05 19:23:48,477:INFO:Compiling Metrics
2020-10-05 19:23:48,482:INFO:Initializing Fold 2
2020-10-05 19:23:48,483:INFO:Total runtime is 1.4447486440340676 minutes
2020-10-05 19:23:48,489:INFO:Fitting Model
2020-10-05 19:23:48,583:INFO:Evaluating Metrics
2020-10-05 19:23:48,585:INFO:No inverse transformer found
2020-10-05 19:23:48,585:INFO:Compiling Metrics
2020-10-05 19:23:48,592:INFO:Initializing Fold 3
2020-10-05 19:23:48,593:INFO:Total runtime is 1.4465911269187925 minutes
2020-10-05 19:23:48,600:INFO:Fitting Model
2020-10-05 19:23:48,719:INFO:Evaluating Metrics
2020-10-05 19:23:48,721:INFO:No inverse transformer found
2020-10-05 19:23:48,722:INFO:Compiling Metrics
2020-10-05 19:23:48,728:INFO:Initializing Fold 4
2020-10-05 19:23:48,728:INFO:Total runtime is 1.448837912082672 minutes
2020-10-05 19:23:48,734:INFO:Fitting Model
2020-10-05 19:23:48,830:INFO:Evaluating Metrics
2020-10-05 19:23:48,832:INFO:No inverse transformer found
2020-10-05 19:23:48,832:INFO:Compiling Metrics
2020-10-05 19:23:48,837:INFO:Initializing Fold 5
2020-10-05 19:23:48,837:INFO:Total runtime is 1.4506552298863729 minutes
2020-10-05 19:23:48,842:INFO:Fitting Model
2020-10-05 19:23:48,929:INFO:Evaluating Metrics
2020-10-05 19:23:48,930:INFO:No inverse transformer found
2020-10-05 19:23:48,930:INFO:Compiling Metrics
2020-10-05 19:23:48,935:INFO:Initializing Fold 6
2020-10-05 19:23:48,936:INFO:Total runtime is 1.4522997299830118 minutes
2020-10-05 19:23:48,942:INFO:Fitting Model
2020-10-05 19:23:49,033:INFO:Evaluating Metrics
2020-10-05 19:23:49,035:INFO:No inverse transformer found
2020-10-05 19:23:49,035:INFO:Compiling Metrics
2020-10-05 19:23:49,040:INFO:Initializing Fold 7
2020-10-05 19:23:49,041:INFO:Total runtime is 1.454049547513326 minutes
2020-10-05 19:23:49,045:INFO:Fitting Model
2020-10-05 19:23:49,130:INFO:Evaluating Metrics
2020-10-05 19:23:49,131:INFO:No inverse transformer found
2020-10-05 19:23:49,131:INFO:Compiling Metrics
2020-10-05 19:23:49,136:INFO:Initializing Fold 8
2020-10-05 19:23:49,137:INFO:Total runtime is 1.4556564648946126 minutes
2020-10-05 19:23:49,143:INFO:Fitting Model
2020-10-05 19:23:49,237:INFO:Evaluating Metrics
2020-10-05 19:23:49,239:INFO:No inverse transformer found
2020-10-05 19:23:49,239:INFO:Compiling Metrics
2020-10-05 19:23:49,245:INFO:Initializing Fold 9
2020-10-05 19:23:49,245:INFO:Total runtime is 1.457452913125356 minutes
2020-10-05 19:23:49,251:INFO:Fitting Model
2020-10-05 19:23:49,346:INFO:Evaluating Metrics
2020-10-05 19:23:49,347:INFO:No inverse transformer found
2020-10-05 19:23:49,348:INFO:Compiling Metrics
2020-10-05 19:23:49,353:INFO:Initializing Fold 10
2020-10-05 19:23:49,354:INFO:Total runtime is 1.4592637459437052 minutes
2020-10-05 19:23:49,359:INFO:Fitting Model
2020-10-05 19:23:49,458:INFO:Evaluating Metrics
2020-10-05 19:23:49,460:INFO:No inverse transformer found
2020-10-05 19:23:49,460:INFO:Compiling Metrics
2020-10-05 19:23:49,465:INFO:Calculating mean and std
2020-10-05 19:23:49,465:INFO:Creating metrics dataframe
2020-10-05 19:23:49,478:INFO:Initializing Random Forest
2020-10-05 19:23:49,483:INFO:Initializing Fold 1
2020-10-05 19:23:49,484:INFO:Total runtime is 1.461432413260142 minutes
2020-10-05 19:23:49,489:INFO:Fitting Model
2020-10-05 19:23:50,393:INFO:Evaluating Metrics
2020-10-05 19:23:50,411:INFO:No inverse transformer found
2020-10-05 19:23:50,411:INFO:Compiling Metrics
2020-10-05 19:23:50,417:INFO:Initializing Fold 2
2020-10-05 19:23:50,418:INFO:Total runtime is 1.4769952456156412 minutes
2020-10-05 19:23:50,424:INFO:Fitting Model
2020-10-05 19:23:51,345:INFO:Evaluating Metrics
2020-10-05 19:23:51,361:INFO:No inverse transformer found
2020-10-05 19:23:51,361:INFO:Compiling Metrics
2020-10-05 19:23:51,366:INFO:Initializing Fold 3
2020-10-05 19:23:51,367:INFO:Total runtime is 1.492812983194987 minutes
2020-10-05 19:23:51,372:INFO:Fitting Model
2020-10-05 19:23:52,244:INFO:Evaluating Metrics
2020-10-05 19:23:52,260:INFO:No inverse transformer found
2020-10-05 19:23:52,260:INFO:Compiling Metrics
2020-10-05 19:23:52,265:INFO:Initializing Fold 4
2020-10-05 19:23:52,266:INFO:Total runtime is 1.507797360420227 minutes
2020-10-05 19:23:52,271:INFO:Fitting Model
2020-10-05 19:23:53,196:INFO:Evaluating Metrics
2020-10-05 19:23:53,215:INFO:No inverse transformer found
2020-10-05 19:23:53,216:INFO:Compiling Metrics
2020-10-05 19:23:53,221:INFO:Initializing Fold 5
2020-10-05 19:23:53,222:INFO:Total runtime is 1.5237329959869386 minutes
2020-10-05 19:23:53,228:INFO:Fitting Model
2020-10-05 19:23:54,177:INFO:Evaluating Metrics
2020-10-05 19:23:54,193:INFO:No inverse transformer found
2020-10-05 19:23:54,193:INFO:Compiling Metrics
2020-10-05 19:23:54,198:INFO:Initializing Fold 6
2020-10-05 19:23:54,199:INFO:Total runtime is 1.5400140484174094 minutes
2020-10-05 19:23:54,204:INFO:Fitting Model
2020-10-05 19:23:55,110:INFO:Evaluating Metrics
2020-10-05 19:23:55,126:INFO:No inverse transformer found
2020-10-05 19:23:55,126:INFO:Compiling Metrics
2020-10-05 19:23:55,131:INFO:Initializing Fold 7
2020-10-05 19:23:55,132:INFO:Total runtime is 1.5555613120396934 minutes
2020-10-05 19:23:55,137:INFO:Fitting Model
2020-10-05 19:23:56,047:INFO:Evaluating Metrics
2020-10-05 19:23:56,063:INFO:No inverse transformer found
2020-10-05 19:23:56,064:INFO:Compiling Metrics
2020-10-05 19:23:56,069:INFO:Initializing Fold 8
2020-10-05 19:23:56,069:INFO:Total runtime is 1.571189832687378 minutes
2020-10-05 19:23:56,075:INFO:Fitting Model
2020-10-05 19:23:56,982:INFO:Evaluating Metrics
2020-10-05 19:23:56,999:INFO:No inverse transformer found
2020-10-05 19:23:56,999:INFO:Compiling Metrics
2020-10-05 19:23:57,005:INFO:Initializing Fold 9
2020-10-05 19:23:57,006:INFO:Total runtime is 1.5867976983388268 minutes
2020-10-05 19:23:57,012:INFO:Fitting Model
2020-10-05 19:23:57,951:INFO:Evaluating Metrics
2020-10-05 19:23:57,966:INFO:No inverse transformer found
2020-10-05 19:23:57,966:INFO:Compiling Metrics
2020-10-05 19:23:57,971:INFO:Initializing Fold 10
2020-10-05 19:23:57,972:INFO:Total runtime is 1.602897628148397 minutes
2020-10-05 19:23:57,977:INFO:Fitting Model
2020-10-05 19:23:58,923:INFO:Evaluating Metrics
2020-10-05 19:23:58,939:INFO:No inverse transformer found
2020-10-05 19:23:58,939:INFO:Compiling Metrics
2020-10-05 19:23:58,944:INFO:Calculating mean and std
2020-10-05 19:23:58,944:INFO:Creating metrics dataframe
2020-10-05 19:23:58,958:INFO:Initializing Extra Trees Regressor
2020-10-05 19:23:58,963:INFO:Initializing Fold 1
2020-10-05 19:23:58,963:INFO:Total runtime is 1.6194232145945233 minutes
2020-10-05 19:23:58,969:INFO:Fitting Model
2020-10-05 19:23:59,464:INFO:Evaluating Metrics
2020-10-05 19:23:59,483:INFO:No inverse transformer found
2020-10-05 19:23:59,484:INFO:Compiling Metrics
2020-10-05 19:23:59,489:INFO:Initializing Fold 2
2020-10-05 19:23:59,490:INFO:Total runtime is 1.6281995813051862 minutes
2020-10-05 19:23:59,496:INFO:Fitting Model
2020-10-05 19:23:59,995:INFO:Evaluating Metrics
2020-10-05 19:24:00,012:INFO:No inverse transformer found
2020-10-05 19:24:00,012:INFO:Compiling Metrics
2020-10-05 19:24:00,017:INFO:Initializing Fold 3
2020-10-05 19:24:00,018:INFO:Total runtime is 1.637000612417857 minutes
2020-10-05 19:24:00,023:INFO:Fitting Model
2020-10-05 19:24:00,536:INFO:Evaluating Metrics
2020-10-05 19:24:00,562:INFO:No inverse transformer found
2020-10-05 19:24:00,562:INFO:Compiling Metrics
2020-10-05 19:24:00,569:INFO:Initializing Fold 4
2020-10-05 19:24:00,570:INFO:Total runtime is 1.646202115217845 minutes
2020-10-05 19:24:00,577:INFO:Fitting Model
2020-10-05 19:24:01,082:INFO:Evaluating Metrics
2020-10-05 19:24:01,102:INFO:No inverse transformer found
2020-10-05 19:24:01,102:INFO:Compiling Metrics
2020-10-05 19:24:01,108:INFO:Initializing Fold 5
2020-10-05 19:24:01,109:INFO:Total runtime is 1.655189927419027 minutes
2020-10-05 19:24:01,116:INFO:Fitting Model
2020-10-05 19:24:01,661:INFO:Evaluating Metrics
2020-10-05 19:24:01,677:INFO:No inverse transformer found
2020-10-05 19:24:01,677:INFO:Compiling Metrics
2020-10-05 19:24:01,683:INFO:Initializing Fold 6
2020-10-05 19:24:01,684:INFO:Total runtime is 1.664760514100393 minutes
2020-10-05 19:24:01,689:INFO:Fitting Model
2020-10-05 19:24:02,207:INFO:Evaluating Metrics
2020-10-05 19:24:02,226:INFO:No inverse transformer found
2020-10-05 19:24:02,226:INFO:Compiling Metrics
2020-10-05 19:24:02,232:INFO:Initializing Fold 7
2020-10-05 19:24:02,233:INFO:Total runtime is 1.673911762237549 minutes
2020-10-05 19:24:02,240:INFO:Fitting Model
2020-10-05 19:24:02,782:INFO:Evaluating Metrics
2020-10-05 19:24:02,800:INFO:No inverse transformer found
2020-10-05 19:24:02,800:INFO:Compiling Metrics
2020-10-05 19:24:02,806:INFO:Initializing Fold 8
2020-10-05 19:24:02,807:INFO:Total runtime is 1.6834797978401186 minutes
2020-10-05 19:24:02,813:INFO:Fitting Model
2020-10-05 19:24:03,329:INFO:Evaluating Metrics
2020-10-05 19:24:03,345:INFO:No inverse transformer found
2020-10-05 19:24:03,345:INFO:Compiling Metrics
2020-10-05 19:24:03,351:INFO:Initializing Fold 9
2020-10-05 19:24:03,351:INFO:Total runtime is 1.6925581812858583 minutes
2020-10-05 19:24:03,357:INFO:Fitting Model
2020-10-05 19:24:03,881:INFO:Evaluating Metrics
2020-10-05 19:24:03,905:INFO:No inverse transformer found
2020-10-05 19:24:03,905:INFO:Compiling Metrics
2020-10-05 19:24:03,911:INFO:Initializing Fold 10
2020-10-05 19:24:03,911:INFO:Total runtime is 1.7018885453542076 minutes
2020-10-05 19:24:03,917:INFO:Fitting Model
2020-10-05 19:24:04,462:INFO:Evaluating Metrics
2020-10-05 19:24:04,482:INFO:No inverse transformer found
2020-10-05 19:24:04,483:INFO:Compiling Metrics
2020-10-05 19:24:04,489:INFO:Calculating mean and std
2020-10-05 19:24:04,490:INFO:Creating metrics dataframe
2020-10-05 19:24:04,503:INFO:Initializing AdaBoost Regressor
2020-10-05 19:24:04,509:INFO:Initializing Fold 1
2020-10-05 19:24:04,510:INFO:Total runtime is 1.7118638793627423 minutes
2020-10-05 19:24:04,516:INFO:Fitting Model
2020-10-05 19:24:05,262:INFO:Evaluating Metrics
2020-10-05 19:24:05,269:INFO:No inverse transformer found
2020-10-05 19:24:05,269:INFO:Compiling Metrics
2020-10-05 19:24:05,274:INFO:Initializing Fold 2
2020-10-05 19:24:05,274:INFO:Total runtime is 1.724609196186066 minutes
2020-10-05 19:24:05,279:INFO:Fitting Model
2020-10-05 19:24:05,799:INFO:Evaluating Metrics
2020-10-05 19:24:05,805:INFO:No inverse transformer found
2020-10-05 19:24:05,805:INFO:Compiling Metrics
2020-10-05 19:24:05,810:INFO:Initializing Fold 3
2020-10-05 19:24:05,811:INFO:Total runtime is 1.7335439483324688 minutes
2020-10-05 19:24:05,815:INFO:Fitting Model
2020-10-05 19:24:06,476:INFO:Evaluating Metrics
2020-10-05 19:24:06,485:INFO:No inverse transformer found
2020-10-05 19:24:06,485:INFO:Compiling Metrics
2020-10-05 19:24:06,492:INFO:Initializing Fold 4
2020-10-05 19:24:06,492:INFO:Total runtime is 1.744907077153524 minutes
2020-10-05 19:24:06,500:INFO:Fitting Model
2020-10-05 19:24:07,086:INFO:Evaluating Metrics
2020-10-05 19:24:07,093:INFO:No inverse transformer found
2020-10-05 19:24:07,093:INFO:Compiling Metrics
2020-10-05 19:24:07,099:INFO:Initializing Fold 5
2020-10-05 19:24:07,100:INFO:Total runtime is 1.7550387303034467 minutes
2020-10-05 19:24:07,106:INFO:Fitting Model
2020-10-05 19:24:07,783:INFO:Evaluating Metrics
2020-10-05 19:24:07,790:INFO:No inverse transformer found
2020-10-05 19:24:07,790:INFO:Compiling Metrics
2020-10-05 19:24:07,796:INFO:Initializing Fold 6
2020-10-05 19:24:07,797:INFO:Total runtime is 1.766650466124217 minutes
2020-10-05 19:24:07,804:INFO:Fitting Model
2020-10-05 19:24:08,530:INFO:Evaluating Metrics
2020-10-05 19:24:08,538:INFO:No inverse transformer found
2020-10-05 19:24:08,538:INFO:Compiling Metrics
2020-10-05 19:24:08,543:INFO:Initializing Fold 7
2020-10-05 19:24:08,543:INFO:Total runtime is 1.7790914297103886 minutes
2020-10-05 19:24:08,547:INFO:Fitting Model
2020-10-05 19:24:09,001:INFO:Evaluating Metrics
2020-10-05 19:24:09,006:INFO:No inverse transformer found
2020-10-05 19:24:09,006:INFO:Compiling Metrics
2020-10-05 19:24:09,010:INFO:Initializing Fold 8
2020-10-05 19:24:09,010:INFO:Total runtime is 1.7868760148684188 minutes
2020-10-05 19:24:09,015:INFO:Fitting Model
2020-10-05 19:24:09,533:INFO:Evaluating Metrics
2020-10-05 19:24:09,539:INFO:No inverse transformer found
2020-10-05 19:24:09,539:INFO:Compiling Metrics
2020-10-05 19:24:09,544:INFO:Initializing Fold 9
2020-10-05 19:24:09,544:INFO:Total runtime is 1.7957678159077968 minutes
2020-10-05 19:24:09,548:INFO:Fitting Model
2020-10-05 19:24:10,001:INFO:Evaluating Metrics
2020-10-05 19:24:10,005:INFO:No inverse transformer found
2020-10-05 19:24:10,005:INFO:Compiling Metrics
2020-10-05 19:24:10,010:INFO:Initializing Fold 10
2020-10-05 19:24:10,010:INFO:Total runtime is 1.8035360813140875 minutes
2020-10-05 19:24:10,014:INFO:Fitting Model
2020-10-05 19:24:10,784:INFO:Evaluating Metrics
2020-10-05 19:24:10,794:INFO:No inverse transformer found
2020-10-05 19:24:10,794:INFO:Compiling Metrics
2020-10-05 19:24:10,799:INFO:Calculating mean and std
2020-10-05 19:24:10,800:INFO:Creating metrics dataframe
2020-10-05 19:24:10,811:INFO:Initializing Gradient Boosting Regressor
2020-10-05 19:24:10,816:INFO:Initializing Fold 1
2020-10-05 19:24:10,816:INFO:Total runtime is 1.8169744610786445 minutes
2020-10-05 19:24:10,821:INFO:Fitting Model
2020-10-05 19:24:12,481:INFO:Evaluating Metrics
2020-10-05 19:24:12,485:INFO:No inverse transformer found
2020-10-05 19:24:12,485:INFO:Compiling Metrics
2020-10-05 19:24:12,490:INFO:Initializing Fold 2
2020-10-05 19:24:12,490:INFO:Total runtime is 1.844872995217642 minutes
2020-10-05 19:24:12,495:INFO:Fitting Model
2020-10-05 19:24:14,100:INFO:Evaluating Metrics
2020-10-05 19:24:14,103:INFO:No inverse transformer found
2020-10-05 19:24:14,103:INFO:Compiling Metrics
2020-10-05 19:24:14,107:INFO:Initializing Fold 3
2020-10-05 19:24:14,108:INFO:Total runtime is 1.87183063030243 minutes
2020-10-05 19:24:14,112:INFO:Fitting Model
2020-10-05 19:24:15,791:INFO:Evaluating Metrics
2020-10-05 19:24:15,795:INFO:No inverse transformer found
2020-10-05 19:24:15,795:INFO:Compiling Metrics
2020-10-05 19:24:15,801:INFO:Initializing Fold 4
2020-10-05 19:24:15,801:INFO:Total runtime is 1.9000562469164537 minutes
2020-10-05 19:24:15,806:INFO:Fitting Model
2020-10-05 19:24:17,428:INFO:Evaluating Metrics
2020-10-05 19:24:17,432:INFO:No inverse transformer found
2020-10-05 19:24:17,432:INFO:Compiling Metrics
2020-10-05 19:24:17,436:INFO:Initializing Fold 5
2020-10-05 19:24:17,437:INFO:Total runtime is 1.927316562334697 minutes
2020-10-05 19:24:17,442:INFO:Fitting Model
2020-10-05 19:24:19,084:INFO:Evaluating Metrics
2020-10-05 19:24:19,087:INFO:No inverse transformer found
2020-10-05 19:24:19,087:INFO:Compiling Metrics
2020-10-05 19:24:19,092:INFO:Initializing Fold 6
2020-10-05 19:24:19,092:INFO:Total runtime is 1.9549092968304957 minutes
2020-10-05 19:24:19,097:INFO:Fitting Model
2020-10-05 19:24:20,695:INFO:Evaluating Metrics
2020-10-05 19:24:20,699:INFO:No inverse transformer found
2020-10-05 19:24:20,699:INFO:Compiling Metrics
2020-10-05 19:24:20,704:INFO:Initializing Fold 7
2020-10-05 19:24:20,705:INFO:Total runtime is 1.9817841808001206 minutes
2020-10-05 19:24:20,710:INFO:Fitting Model
2020-10-05 19:24:22,306:INFO:Evaluating Metrics
2020-10-05 19:24:22,310:INFO:No inverse transformer found
2020-10-05 19:24:22,310:INFO:Compiling Metrics
2020-10-05 19:24:22,314:INFO:Initializing Fold 8
2020-10-05 19:24:22,315:INFO:Total runtime is 2.008613526821137 minutes
2020-10-05 19:24:22,319:INFO:Fitting Model
2020-10-05 19:24:23,903:INFO:Evaluating Metrics
2020-10-05 19:24:23,906:INFO:No inverse transformer found
2020-10-05 19:24:23,906:INFO:Compiling Metrics
2020-10-05 19:24:23,910:INFO:Initializing Fold 9
2020-10-05 19:24:23,911:INFO:Total runtime is 2.035211865107219 minutes
2020-10-05 19:24:23,916:INFO:Fitting Model
2020-10-05 19:24:25,494:INFO:Evaluating Metrics
2020-10-05 19:24:25,497:INFO:No inverse transformer found
2020-10-05 19:24:25,497:INFO:Compiling Metrics
2020-10-05 19:24:25,502:INFO:Initializing Fold 10
2020-10-05 19:24:25,502:INFO:Total runtime is 2.061738765239716 minutes
2020-10-05 19:24:25,507:INFO:Fitting Model
2020-10-05 19:24:27,086:INFO:Evaluating Metrics
2020-10-05 19:24:27,089:INFO:No inverse transformer found
2020-10-05 19:24:27,089:INFO:Compiling Metrics
2020-10-05 19:24:27,094:INFO:Calculating mean and std
2020-10-05 19:24:27,094:INFO:Creating metrics dataframe
2020-10-05 19:24:27,104:INFO:Initializing Extreme Gradient Boosting
2020-10-05 19:24:27,109:INFO:Initializing Fold 1
2020-10-05 19:24:27,109:INFO:Total runtime is 2.0885211626688647 minutes
2020-10-05 19:24:27,115:INFO:Fitting Model
